Navigated to http://localhost:1234/BiznesiDheInterneti/BI_19-20_Gr3/testDB.php
buyPage.js:263 INSERT INTO `house_photos` (`Id`, `imagePath`) VALUES ('1','img/homepage/2/950Lombard-big-1.jpg'),('1','img/homepage/2/950Lombard-big-2.jpg'),('1','img/homepage/2/950Lombard-big-3.jpg'),('1','img/homepage/2/950Lombard-big-4.jpg'),('1','img/homepage/2/950Lombard-big-5.jpg'),('1','img/homepage/2/950Lombard-big-6.jpg'),('1','img/homepage/2/950Lombard-big-7.jpg'),('1','img/homepage/2/950Lombard-big-8.jpg')
buyPage.js:263 INSERT INTO `house_photos` (`Id`, `imagePath`) VALUES ('2','img/homepage/3/main.jpg'),('2','img/homepage/3/other1.jpg'),('2','img/homepage/3/other2.jpg'),('2','img/homepage/3/other3.jpg'),('2','img/homepage/3/other4.jpg'),('2','img/homepage/3/other5.jpg'),('2','img/homepage/3/other6.jpg')
buyPage.js:263 INSERT INTO `house_photos` (`Id`, `imagePath`) VALUES ('3','img/homepage/4/main.jpg'),('3','img/homepage/4/other1.jpg'),('3','img/homepage/4/other2.jpg'),('3','img/homepage/4/other3.jpg'),('3','img/homepage/4/other4.jpg')
buyPage.js:263 INSERT INTO `house_photos` (`Id`, `imagePath`) VALUES ('4','img/homepage/5/main.jpg'),('4','img/homepage/5/other1.jpg'),('4','img/homepage/5/other2.jpg'),('4','img/homepage/5/other3.jpg'),('4','img/homepage/5/other4.jpg'),('4','img/homepage/5/other5.jpg'),('4','img/homepage/5/other6.jpg')
buyPage.js:263 INSERT INTO `house_photos` (`Id`, `imagePath`) VALUES ('5','img/homepage/6/main.jpg'),('5','img/homepage/6/other1.jpg'),('5','img/homepage/6/other2.jpg'),('5','img/homepage/6/other3.jpg'),('5','img/homepage/6/other4.jpg'),('5','img/homepage/6/other5.jpg'),('5','img/homepage/6/other6.jpg'),('5','img/homepage/6/other7.jpg'),('5','img/homepage/6/other8.jpg')
buyPage.js:263 INSERT INTO `house_photos` (`Id`, `imagePath`) VALUES ('6','img/homepage/7/main.jpg'),('6','img/homepage/7/other1.jpg'),('6','img/homepage/7/other2.jpg'),('6','img/homepage/7/other3.jpg'),('6','img/homepage/7/other4.jpg'),('6','img/homepage/7/other5.jpg')
buyPage.js:263 INSERT INTO `house_photos` (`Id`, `imagePath`) VALUES ('7','img/homepage/8/main.jpg'),('7','img/homepage/8/other1.jpg'),('7','img/homepage/8/other2.jpg'),('7','img/homepage/8/other3.jpg'),('7','img/homepage/8/other4.jpg'),('7','img/homepage/8/other5.jpg'),('7','img/homepage/8/other6.jpg')
buyPage.js:263 INSERT INTO `house_photos` (`Id`, `imagePath`) VALUES ('8','img/homepage/9/main.jpg'),('8','img/homepage/9/other1.jpg'),('8','img/homepage/9/other2.jpg'),('8','img/homepage/9/other3.jpg'),('8','img/homepage/9/other4.jpg'),('8','img/homepage/9/other5.jpg')
buyPage.js:263 INSERT INTO `house_photos` (`Id`, `imagePath`) VALUES ('9','img/buy/10/main.jpg'),('9','img/buy/10/video1.mp4'),('9','img/buy/10/other1.jpg'),('9','img/buy/10/other2.jpg'),('9','img/buy/10/other3.jpg'),('9','img/buy/10/other4.jpg'),('9','img/buy/10/other5.jpg'),('9','img/buy/10/other6.jpg')
buyPage.js:263 INSERT INTO `house_photos` (`Id`, `imagePath`) VALUES ('10','img/buy/11/main1.jpg'),('10','img/buy/11/other1.jpg'),('10','img/buy/11/other2.jpg'),('10','img/buy/11/other3.jpg'),('10','img/buy/11/other4.jpg')
buyPage.js:263 INSERT INTO `house_photos` (`Id`, `imagePath`) VALUES ('11','img/buy/12/main.jpg'),('11','img/buy/12/other1.jpg'),('11','img/buy/12/other2.jpg'),('11','img/buy/12/other3.jpg'),('11','img/buy/12/other4.jpg'),('11','img/buy/12/other5.jpg'),('11','img/buy/12/other6.jpg'),('11','img/buy/12/other7.jpg')
buyPage.js:263 INSERT INTO `house_photos` (`Id`, `imagePath`) VALUES ('12','img/buy/13/main.jpg'),('12','img/buy/13/other1.jpg'),('12','img/buy/13/other2.jpg'),('12','img/buy/13/other3.jpg'),('12','img/buy/13/other4.jpg'),('12','img/buy/13/other5.jpg'),('12','img/buy/13/other6.jpg')
buyPage.js:263 INSERT INTO `house_photos` (`Id`, `imagePath`) VALUES ('13','img/buy/14/main.jpg'),('13','img/buy/14/other1.jpg'),('13','img/buy/14/other2.jpg'),('13','img/buy/14/other3.jpg'),('13','img/buy/14/other4.jpg'),('13','img/buy/14/other5.jpg'),('13','img/buy/14/other6.jpg'),('13','img/buy/14/other7.jpg')
buyPage.js:263 INSERT INTO `house_photos` (`Id`, `imagePath`) VALUES ('14','img/buy/15/main.jpg'),('14','img/buy/15/other1.jpg'),('14','img/buy/15/other2.jpg'),('14','img/buy/15/other3.jpg'),('14','img/buy/15/other4.jpg'),('14','img/buy/15/other5.jpg'),('14','img/buy/15/other6.jpg'),('14','img/buy/15/other7.jpg'),('14','img/buy/15/other8.jpg'),('14','img/buy/15/other9.jpg')
buyPage.js:263 INSERT INTO `house_photos` (`Id`, `imagePath`) VALUES ('15','img/buy/16/main.jpg'),('15','img/buy/16/other1.jpg'),('15','img/buy/16/other2.jpg'),('15','img/buy/16/other3.jpg'),('15','img/buy/16/other4.jpg'),('15','img/buy/16/other5.jpg')
buyPage.js:263 INSERT INTO `house_photos` (`Id`, `imagePath`) VALUES ('16','img/buy/17/main.jpg'),('16','img/buy/17/other1.jpg'),('16','img/buy/17/other2.jpg'),('16','img/buy/17/other3.jpg'),('16','img/buy/17/other4.jpg')
buyPage.js:263 INSERT INTO `house_photos` (`Id`, `imagePath`) VALUES ('17','img/buy/18/main.jpg'),('17','img/buy/18/other1.jpg'),('17','img/buy/18/other2.jpg'),('17','img/buy/18/other3.jpg'),('17','img/buy/18/other4.jpg'),('17','img/buy/18/other5.jpg'),('17','img/buy/18/other6.jpg'),('17','img/buy/18/video.mp4')
buyPage.js:263 INSERT INTO `house_photos` (`Id`, `imagePath`) VALUES ('18','img/buy/19/main.jpg'),('18','img/buy/19/other1.jpg'),('18','img/buy/19/other2.jpg'),('18','img/buy/19/other3.jpg'),('18','img/buy/19/other4.jpg'),('18','img/buy/19/other5.jpg'),('18','img/buy/19/other6.jpg')
buyPage.js:263 INSERT INTO `house_photos` (`Id`, `imagePath`) VALUES ('19','img/buy/20/main.jpg'),('19','img/buy/20/other1.jpg'),('19','img/buy/20/other2.jpg'),('19','img/buy/20/other3.jpg'),('19','img/buy/20/other4.jpg'),('19','img/buy/20/other5.jpg'),('19','img/buy/20/other6.jpg')
buyPage.js:263 INSERT INTO `house_photos` (`Id`, `imagePath`) VALUES ('20','img/buy/21/main.jpg'),('20','img/buy/21/other1.jpg'),('20','img/buy/21/other2.jpg'),('20','img/buy/21/other3.jpg'),('20','img/buy/21/other4.jpg'),('20','img/buy/21/other5.jpg')
buyPage.js:263 INSERT INTO `house_photos` (`Id`, `imagePath`) VALUES ('21','img/buy/22/main.jpg'),('21','img/buy/22/other1.jpg'),('21','img/buy/22/other2.jpg'),('21','img/buy/22/other3.jpg'),('21','img/buy/22/other4.jpg'),('21','img/buy/22/other5.jpg'),('21','img/buy/22/other6.jpg')
buyPage.js:263 INSERT INTO `house_photos` (`Id`, `imagePath`) VALUES ('22','img/buy/23/main.jpg'),('22','img/buy/23/other1.jpg'),('22','img/buy/23/other2.jpg'),('22','img/buy/23/other3.jpg'),('22','img/buy/23/other4.jpg'),('22','img/buy/23/other5.jpg'),('22','img/buy/23/other6.jpg')
buyPage.js:263 INSERT INTO `house_photos` (`Id`, `imagePath`) VALUES ('23','img/buy/24/main.jpg'),('23','img/buy/24/other1.jpg'),('23','img/buy/24/other2.jpg'),('23','img/buy/24/other3.jpg'),('23','img/buy/24/other4.jpg'),('23','img/buy/24/other5.jpg'),('23','img/buy/24/other6.jpg'),('23','img/buy/24/other7.jpg')
